# JRE version: OpenJDK Runtime Environment Microsoft-8035246 (17.0.8+7) (build 17.0.8+7-LTS)
# Java VM: OpenJDK 64-Bit Server VM Microsoft-8035246 (17.0.8+7-LTS, mixed mode, sharing, tiered, compressed oops, compressed class ptrs, g1 gc, windows-amd64)
GC Precious Log:
 CPUs: 8 total, 8 available
 Memory: 8078M
 Large Page Support: Disabled
 NUMA Support: Disabled
 Compressed Oops: Enabled (32-bit)
 Heap Region Size: 1M
 Heap Min Capacity: 8M
 Heap Initial Capacity: 128M
 Heap Max Capacity: 2G
 Pre-touch: Disabled
 Parallel Workers: 8
 Concurrent Workers: 2
 Concurrent Refinement Workers: 8
 Periodic GC: Disabled
Heap:
 garbage-first heap   total 377856K, used 274569K [0x0000000080000000, 0x0000000100000000)
  region size 1024K, 55 young (56320K), 6 survivors (6144K)
 Metaspace       used 109796K, committed 111680K, reserved 557056K
  class space    used 14966K, committed 15808K, reserved 425984K
GC Heap History (20 events):
Event: 25.372 GC heap before
{Heap before GC invocations=51 (full 0):
 garbage-first heap   total 229376K, used 189352K [0x0000000080000000, 0x0000000100000000)
  region size 1024K, 30 young (30720K), 5 survivors (5120K)
 Metaspace       used 95202K, committed 96768K, reserved 557056K
  class space    used 13244K, committed 13952K, reserved 425984K
}
Event: 25.382 GC heap after
{Heap after GC invocations=52 (full 0):
 garbage-first heap   total 377856K, used 168938K [0x0000000080000000, 0x0000000100000000)
  region size 1024K, 4 young (4096K), 4 survivors (4096K)
 Metaspace       used 95202K, committed 96768K, reserved 557056K
  class space    used 13244K, committed 13952K, reserved 425984K
}
Event: 26.705 GC heap before
{Heap before GC invocations=52 (full 0):
 garbage-first heap   total 377856K, used 280554K [0x0000000080000000, 0x0000000100000000)
  region size 1024K, 113 young (115712K), 4 survivors (4096K)
 Metaspace       used 96066K, committed 97600K, reserved 557056K
  class space    used 13315K, committed 14016K, reserved 425984K
}
Event: 26.721 GC heap after
{Heap after GC invocations=53 (full 0):
 garbage-first heap   total 377856K, used 182548K [0x0000000080000000, 0x0000000100000000)
  region size 1024K, 15 young (15360K), 15 survivors (15360K)
 Metaspace       used 96066K, committed 97600K, reserved 557056K
  class space    used 13315K, committed 14016K, reserved 425984K
}
Event: 27.604 GC heap before
{Heap before GC invocations=53 (full 0):
 garbage-first heap   total 377856K, used 286996K [0x0000000080000000, 0x0000000100000000)
  region size 1024K, 118 young (120832K), 15 survivors (15360K)
 Metaspace       used 98691K, committed 100416K, reserved 557056K
  class space    used 13707K, committed 14528K, reserved 425984K
}
Event: 27.624 GC heap after
{Heap after GC invocations=54 (full 0):
 garbage-first heap   total 377856K, used 193822K [0x0000000080000000, 0x0000000100000000)
  region size 1024K, 11 young (11264K), 11 survivors (11264K)
 Metaspace       used 98691K, committed 100416K, reserved 557056K
  class space    used 13707K, committed 14528K, reserved 425984K
}
Event: 28.654 GC heap before
{Heap before GC invocations=54 (full 0):
 garbage-first heap   total 377856K, used 294174K [0x0000000080000000, 0x0000000100000000)
  region size 1024K, 110 young (112640K), 11 survivors (11264K)
 Metaspace       used 99641K, committed 101312K, reserved 557056K
  class space    used 13792K, committed 14592K, reserved 425984K
}
Event: 28.669 GC heap after
{Heap after GC invocations=55 (full 0):
 garbage-first heap   total 377856K, used 199680K [0x0000000080000000, 0x0000000100000000)
  region size 1024K, 6 young (6144K), 6 survivors (6144K)
 Metaspace       used 99641K, committed 101312K, reserved 557056K
  class space    used 13792K, committed 14592K, reserved 425984K
}
Event: 29.782 GC heap before
{Heap before GC invocations=55 (full 0):
 garbage-first heap   total 377856K, used 303104K [0x0000000080000000, 0x0000000100000000)
  region size 1024K, 108 young (110592K), 6 survivors (6144K)
 Metaspace       used 99986K, committed 101696K, reserved 557056K
  class space    used 13818K, committed 14592K, reserved 425984K
}
Event: 29.794 GC heap after
{Heap after GC invocations=56 (full 0):
 garbage-first heap   total 377856K, used 206339K [0x0000000080000000, 0x0000000100000000)
  region size 1024K, 13 young (13312K), 13 survivors (13312K)
 Metaspace       used 99986K, committed 101696K, reserved 557056K
  class space    used 13818K, committed 14592K, reserved 425984K
}
Event: 30.809 GC heap before
{Heap before GC invocations=56 (full 0):
 garbage-first heap   total 377856K, used 307715K [0x0000000080000000, 0x0000000100000000)
  region size 1024K, 113 young (115712K), 13 survivors (13312K)
 Metaspace       used 100866K, committed 102592K, reserved 557056K
  class space    used 13924K, committed 14720K, reserved 425984K
}
Event: 30.827 GC heap after
{Heap after GC invocations=57 (full 0):
 garbage-first heap   total 377856K, used 214250K [0x0000000080000000, 0x0000000100000000)
  region size 1024K, 15 young (15360K), 15 survivors (15360K)
 Metaspace       used 100866K, committed 102592K, reserved 557056K
  class space    used 13924K, committed 14720K, reserved 425984K
}
Event: 31.527 GC heap before
{Heap before GC invocations=57 (full 0):
 garbage-first heap   total 377856K, used 310506K [0x0000000080000000, 0x0000000100000000)
  region size 1024K, 110 young (112640K), 15 survivors (15360K)
 Metaspace       used 101677K, committed 103488K, reserved 557056K
  class space    used 14028K, committed 14848K, reserved 425984K
}
Event: 31.542 GC heap after
{Heap after GC invocations=58 (full 0):
 garbage-first heap   total 377856K, used 222199K [0x0000000080000000, 0x0000000100000000)
  region size 1024K, 8 young (8192K), 8 survivors (8192K)
 Metaspace       used 101677K, committed 103488K, reserved 557056K
  class space    used 14028K, committed 14848K, reserved 425984K
}
Event: 37.914 GC heap before
{Heap before GC invocations=58 (full 0):
 garbage-first heap   total 377856K, used 314359K [0x0000000080000000, 0x0000000100000000)
  region size 1024K, 99 young (101376K), 8 survivors (8192K)
 Metaspace       used 103949K, committed 105792K, reserved 557056K
  class space    used 14278K, committed 15104K, reserved 425984K
}
Event: 37.923 GC heap after
{Heap after GC invocations=59 (full 0):
 garbage-first heap   total 377856K, used 227328K [0x0000000080000000, 0x0000000100000000)
  region size 1024K, 13 young (13312K), 13 survivors (13312K)
 Metaspace       used 103949K, committed 105792K, reserved 557056K
  class space    used 14278K, committed 15104K, reserved 425984K
}
Event: 3451.772 GC heap before
{Heap before GC invocations=59 (full 0):
 garbage-first heap   total 377856K, used 317440K [0x0000000080000000, 0x0000000100000000)
  region size 1024K, 101 young (103424K), 13 survivors (13312K)
 Metaspace       used 104483K, committed 106368K, reserved 557056K
  class space    used 14308K, committed 15168K, reserved 425984K
}
Event: 3451.860 GC heap after
{Heap after GC invocations=60 (full 0):
 garbage-first heap   total 377856K, used 227763K [0x0000000080000000, 0x0000000100000000)
  region size 1024K, 7 young (7168K), 7 survivors (7168K)
 Metaspace       used 104483K, committed 106368K, reserved 557056K
  class space    used 14308K, committed 15168K, reserved 425984K
}
Event: 7881.772 GC heap before
{Heap before GC invocations=60 (full 0):
 garbage-first heap   total 377856K, used 320947K [0x0000000080000000, 0x0000000100000000)
  region size 1024K, 98 young (100352K), 7 survivors (7168K)
 Metaspace       used 104490K, committed 106368K, reserved 557056K
  class space    used 14308K, committed 15168K, reserved 425984K
}
Event: 7881.792 GC heap after
{Heap after GC invocations=61 (full 0):
 garbage-first heap   total 377856K, used 226441K [0x0000000080000000, 0x0000000100000000)
  region size 1024K, 6 young (6144K), 6 survivors (6144K)
 Metaspace       used 104490K, committed 106368K, reserved 557056K
  class space    used 14308K, committed 15168K, reserved 425984K
}

